[2019-10-01 17:17:22] laravel.EMERGENCY: Unable to create configured logger. Using emergency logger. {"exception":"[object] (InvalidArgumentException(code: 0): Log [] is not defined. at /Users/dwndis/Projects/shortstop-laravel-rewrite/shortstop/vendor/laravel/framework/src/Illuminate/Log/LogManager.php:168)
[stacktrace]
#0 /Users/dwndis/Projects/shortstop-laravel-rewrite/shortstop/vendor/laravel/framework/src/Illuminate/Log/LogManager.php(102): Illuminate\\Log\\LogManager->resolve(NULL)
#1 /Users/dwndis/Projects/shortstop-laravel-rewrite/shortstop/vendor/laravel/framework/src/Illuminate/Log/LogManager.php(90): Illuminate\\Log\\LogManager->get(NULL)
#2 /Users/dwndis/Projects/shortstop-laravel-rewrite/shortstop/vendor/laravel/framework/src/Illuminate/Log/LogManager.php(500): Illuminate\\Log\\LogManager->driver()
#3 /Users/dwndis/Projects/shortstop-laravel-rewrite/shortstop/vendor/laravel/framework/src/Illuminate/Foundation/Exceptions/Handler.php(118): Illuminate\\Log\\LogManager->error('The \"-c\" option...', Array)
#4 /Users/dwndis/Projects/shortstop-laravel-rewrite/shortstop/app/Exceptions/Handler.php(39): Illuminate\\Foundation\\Exceptions\\Handler->report(Object(Symfony\\Component\\Console\\Exception\\RuntimeException))
#5 /Users/dwndis/Projects/shortstop-laravel-rewrite/shortstop/vendor/nunomaduro/collision/src/Adapters/Laravel/ExceptionHandler.php(60): App\\Exceptions\\Handler->report(Object(Symfony\\Component\\Console\\Exception\\RuntimeException))
#6 /Users/dwndis/Projects/shortstop-laravel-rewrite/shortstop/vendor/laravel/framework/src/Illuminate/Foundation/Console/Kernel.php(378): NunoMaduro\\Collision\\Adapters\\Laravel\\ExceptionHandler->report(Object(Symfony\\Component\\Console\\Exception\\RuntimeException))
#7 /Users/dwndis/Projects/shortstop-laravel-rewrite/shortstop/vendor/laravel/framework/src/Illuminate/Foundation/Console/Kernel.php(135): Illuminate\\Foundation\\Console\\Kernel->reportException(Object(Symfony\\Component\\Console\\Exception\\RuntimeException))
#8 /Users/dwndis/Projects/shortstop-laravel-rewrite/shortstop/artisan(37): Illuminate\\Foundation\\Console\\Kernel->handle(Object(Symfony\\Component\\Console\\Input\\ArgvInput), Object(Symfony\\Component\\Console\\Output\\ConsoleOutput))
#9 {main}
"} 
[2019-10-01 17:17:22] laravel.ERROR: The "-c" option does not exist. {"exception":"[object] (Symfony\\Component\\Console\\Exception\\RuntimeException(code: 0): The \"-c\" option does not exist. at /Users/dwndis/Projects/shortstop-laravel-rewrite/shortstop/vendor/symfony/console/Input/ArgvInput.php:125)
[stacktrace]
#0 /Users/dwndis/Projects/shortstop-laravel-rewrite/shortstop/vendor/symfony/console/Input/ArgvInput.php(105): Symfony\\Component\\Console\\Input\\ArgvInput->parseShortOptionSet('class')
#1 /Users/dwndis/Projects/shortstop-laravel-rewrite/shortstop/vendor/symfony/console/Input/ArgvInput.php(84): Symfony\\Component\\Console\\Input\\ArgvInput->parseShortOption('-class')
#2 /Users/dwndis/Projects/shortstop-laravel-rewrite/shortstop/vendor/symfony/console/Input/Input.php(55): Symfony\\Component\\Console\\Input\\ArgvInput->parse()
#3 /Users/dwndis/Projects/shortstop-laravel-rewrite/shortstop/vendor/symfony/console/Command/Command.php(214): Symfony\\Component\\Console\\Input\\Input->bind(Object(Symfony\\Component\\Console\\Input\\InputDefinition))
#4 /Users/dwndis/Projects/shortstop-laravel-rewrite/shortstop/vendor/laravel/framework/src/Illuminate/Console/Command.php(170): Symfony\\Component\\Console\\Command\\Command->run(Object(Symfony\\Component\\Console\\Input\\ArgvInput), Object(Illuminate\\Console\\OutputStyle))
#5 /Users/dwndis/Projects/shortstop-laravel-rewrite/shortstop/vendor/symfony/console/Application.php(915): Illuminate\\Console\\Command->run(Object(Symfony\\Component\\Console\\Input\\ArgvInput), Object(Symfony\\Component\\Console\\Output\\ConsoleOutput))
#6 /Users/dwndis/Projects/shortstop-laravel-rewrite/shortstop/vendor/symfony/console/Application.php(272): Symfony\\Component\\Console\\Application->doRunCommand(Object(Illuminate\\Database\\Console\\Seeds\\SeedCommand), Object(Symfony\\Component\\Console\\Input\\ArgvInput), Object(Symfony\\Component\\Console\\Output\\ConsoleOutput))
#7 /Users/dwndis/Projects/shortstop-laravel-rewrite/shortstop/vendor/symfony/console/Application.php(148): Symfony\\Component\\Console\\Application->doRun(Object(Symfony\\Component\\Console\\Input\\ArgvInput), Object(Symfony\\Component\\Console\\Output\\ConsoleOutput))
#8 /Users/dwndis/Projects/shortstop-laravel-rewrite/shortstop/vendor/laravel/framework/src/Illuminate/Console/Application.php(90): Symfony\\Component\\Console\\Application->run(Object(Symfony\\Component\\Console\\Input\\ArgvInput), Object(Symfony\\Component\\Console\\Output\\ConsoleOutput))
#9 /Users/dwndis/Projects/shortstop-laravel-rewrite/shortstop/vendor/laravel/framework/src/Illuminate/Foundation/Console/Kernel.php(133): Illuminate\\Console\\Application->run(Object(Symfony\\Component\\Console\\Input\\ArgvInput), Object(Symfony\\Component\\Console\\Output\\ConsoleOutput))
#10 /Users/dwndis/Projects/shortstop-laravel-rewrite/shortstop/artisan(37): Illuminate\\Foundation\\Console\\Kernel->handle(Object(Symfony\\Component\\Console\\Input\\ArgvInput), Object(Symfony\\Component\\Console\\Output\\ConsoleOutput))
#11 {main}
"} 
[2019-10-01 17:17:50] laravel.EMERGENCY: Unable to create configured logger. Using emergency logger. {"exception":"[object] (InvalidArgumentException(code: 0): Log [] is not defined. at /Users/dwndis/Projects/shortstop-laravel-rewrite/shortstop/vendor/laravel/framework/src/Illuminate/Log/LogManager.php:168)
[stacktrace]
#0 /Users/dwndis/Projects/shortstop-laravel-rewrite/shortstop/vendor/laravel/framework/src/Illuminate/Log/LogManager.php(102): Illuminate\\Log\\LogManager->resolve(NULL)
#1 /Users/dwndis/Projects/shortstop-laravel-rewrite/shortstop/vendor/laravel/framework/src/Illuminate/Log/LogManager.php(90): Illuminate\\Log\\LogManager->get(NULL)
#2 /Users/dwndis/Projects/shortstop-laravel-rewrite/shortstop/vendor/laravel/framework/src/Illuminate/Log/LogManager.php(500): Illuminate\\Log\\LogManager->driver()
#3 /Users/dwndis/Projects/shortstop-laravel-rewrite/shortstop/vendor/laravel/framework/src/Illuminate/Foundation/Exceptions/Handler.php(118): Illuminate\\Log\\LogManager->error('Class UsersTabl...', Array)
#4 /Users/dwndis/Projects/shortstop-laravel-rewrite/shortstop/app/Exceptions/Handler.php(39): Illuminate\\Foundation\\Exceptions\\Handler->report(Object(ReflectionException))
#5 /Users/dwndis/Projects/shortstop-laravel-rewrite/shortstop/vendor/nunomaduro/collision/src/Adapters/Laravel/ExceptionHandler.php(60): App\\Exceptions\\Handler->report(Object(ReflectionException))
#6 /Users/dwndis/Projects/shortstop-laravel-rewrite/shortstop/vendor/laravel/framework/src/Illuminate/Foundation/Console/Kernel.php(378): NunoMaduro\\Collision\\Adapters\\Laravel\\ExceptionHandler->report(Object(ReflectionException))
#7 /Users/dwndis/Projects/shortstop-laravel-rewrite/shortstop/vendor/laravel/framework/src/Illuminate/Foundation/Console/Kernel.php(135): Illuminate\\Foundation\\Console\\Kernel->reportException(Object(ReflectionException))
#8 /Users/dwndis/Projects/shortstop-laravel-rewrite/shortstop/artisan(37): Illuminate\\Foundation\\Console\\Kernel->handle(Object(Symfony\\Component\\Console\\Input\\ArgvInput), Object(Symfony\\Component\\Console\\Output\\ConsoleOutput))
#9 {main}
"} 
[2019-10-01 17:17:50] laravel.ERROR: Class UsersTable does not exist {"exception":"[object] (ReflectionException(code: -1): Class UsersTable does not exist at /Users/dwndis/Projects/shortstop-laravel-rewrite/shortstop/vendor/laravel/framework/src/Illuminate/Container/Container.php:788)
[stacktrace]
#0 /Users/dwndis/Projects/shortstop-laravel-rewrite/shortstop/vendor/laravel/framework/src/Illuminate/Container/Container.php(788): ReflectionClass->__construct('UsersTable')
#1 /Users/dwndis/Projects/shortstop-laravel-rewrite/shortstop/vendor/laravel/framework/src/Illuminate/Container/Container.php(667): Illuminate\\Container\\Container->build('UsersTable')
#2 /Users/dwndis/Projects/shortstop-laravel-rewrite/shortstop/vendor/laravel/framework/src/Illuminate/Container/Container.php(615): Illuminate\\Container\\Container->resolve('UsersTable', Array)
#3 /Users/dwndis/Projects/shortstop-laravel-rewrite/shortstop/vendor/laravel/framework/src/Illuminate/Foundation/Application.php(767): Illuminate\\Container\\Container->make('UsersTable', Array)
#4 /Users/dwndis/Projects/shortstop-laravel-rewrite/shortstop/vendor/laravel/framework/src/Illuminate/Database/Console/Seeds/SeedCommand.php(76): Illuminate\\Foundation\\Application->make('UsersTable')
#5 /Users/dwndis/Projects/shortstop-laravel-rewrite/shortstop/vendor/laravel/framework/src/Illuminate/Database/Console/Seeds/SeedCommand.php(63): Illuminate\\Database\\Console\\Seeds\\SeedCommand->getSeeder()
#6 /Users/dwndis/Projects/shortstop-laravel-rewrite/shortstop/vendor/laravel/framework/src/Illuminate/Database/Eloquent/Concerns/GuardsAttributes.php(122): Illuminate\\Database\\Console\\Seeds\\SeedCommand->Illuminate\\Database\\Console\\Seeds\\{closure}()
#7 /Users/dwndis/Projects/shortstop-laravel-rewrite/shortstop/vendor/laravel/framework/src/Illuminate/Database/Console/Seeds/SeedCommand.php(64): Illuminate\\Database\\Eloquent\\Model::unguarded(Object(Closure))
#8 [internal function]: Illuminate\\Database\\Console\\Seeds\\SeedCommand->handle()
#9 /Users/dwndis/Projects/shortstop-laravel-rewrite/shortstop/vendor/laravel/framework/src/Illuminate/Container/BoundMethod.php(32): call_user_func_array(Array, Array)
#10 /Users/dwndis/Projects/shortstop-laravel-rewrite/shortstop/vendor/laravel/framework/src/Illuminate/Container/BoundMethod.php(90): Illuminate\\Container\\BoundMethod::Illuminate\\Container\\{closure}()
#11 /Users/dwndis/Projects/shortstop-laravel-rewrite/shortstop/vendor/laravel/framework/src/Illuminate/Container/BoundMethod.php(34): Illuminate\\Container\\BoundMethod::callBoundMethod(Object(Illuminate\\Foundation\\Application), Array, Object(Closure))
#12 /Users/dwndis/Projects/shortstop-laravel-rewrite/shortstop/vendor/laravel/framework/src/Illuminate/Container/Container.php(576): Illuminate\\Container\\BoundMethod::call(Object(Illuminate\\Foundation\\Application), Array, Array, NULL)
#13 /Users/dwndis/Projects/shortstop-laravel-rewrite/shortstop/vendor/laravel/framework/src/Illuminate/Console/Command.php(183): Illuminate\\Container\\Container->call(Array)
#14 /Users/dwndis/Projects/shortstop-laravel-rewrite/shortstop/vendor/symfony/console/Command/Command.php(255): Illuminate\\Console\\Command->execute(Object(Symfony\\Component\\Console\\Input\\ArgvInput), Object(Illuminate\\Console\\OutputStyle))
#15 /Users/dwndis/Projects/shortstop-laravel-rewrite/shortstop/vendor/laravel/framework/src/Illuminate/Console/Command.php(170): Symfony\\Component\\Console\\Command\\Command->run(Object(Symfony\\Component\\Console\\Input\\ArgvInput), Object(Illuminate\\Console\\OutputStyle))
#16 /Users/dwndis/Projects/shortstop-laravel-rewrite/shortstop/vendor/symfony/console/Application.php(915): Illuminate\\Console\\Command->run(Object(Symfony\\Component\\Console\\Input\\ArgvInput), Object(Symfony\\Component\\Console\\Output\\ConsoleOutput))
#17 /Users/dwndis/Projects/shortstop-laravel-rewrite/shortstop/vendor/symfony/console/Application.php(272): Symfony\\Component\\Console\\Application->doRunCommand(Object(Illuminate\\Database\\Console\\Seeds\\SeedCommand), Object(Symfony\\Component\\Console\\Input\\ArgvInput), Object(Symfony\\Component\\Console\\Output\\ConsoleOutput))
#18 /Users/dwndis/Projects/shortstop-laravel-rewrite/shortstop/vendor/symfony/console/Application.php(148): Symfony\\Component\\Console\\Application->doRun(Object(Symfony\\Component\\Console\\Input\\ArgvInput), Object(Symfony\\Component\\Console\\Output\\ConsoleOutput))
#19 /Users/dwndis/Projects/shortstop-laravel-rewrite/shortstop/vendor/laravel/framework/src/Illuminate/Console/Application.php(90): Symfony\\Component\\Console\\Application->run(Object(Symfony\\Component\\Console\\Input\\ArgvInput), Object(Symfony\\Component\\Console\\Output\\ConsoleOutput))
#20 /Users/dwndis/Projects/shortstop-laravel-rewrite/shortstop/vendor/laravel/framework/src/Illuminate/Foundation/Console/Kernel.php(133): Illuminate\\Console\\Application->run(Object(Symfony\\Component\\Console\\Input\\ArgvInput), Object(Symfony\\Component\\Console\\Output\\ConsoleOutput))
#21 /Users/dwndis/Projects/shortstop-laravel-rewrite/shortstop/artisan(37): Illuminate\\Foundation\\Console\\Kernel->handle(Object(Symfony\\Component\\Console\\Input\\ArgvInput), Object(Symfony\\Component\\Console\\Output\\ConsoleOutput))
#22 {main}
"} 
[2019-10-01 17:18:06] laravel.EMERGENCY: Unable to create configured logger. Using emergency logger. {"exception":"[object] (InvalidArgumentException(code: 0): Log [] is not defined. at /Users/dwndis/Projects/shortstop-laravel-rewrite/shortstop/vendor/laravel/framework/src/Illuminate/Log/LogManager.php:168)
[stacktrace]
#0 /Users/dwndis/Projects/shortstop-laravel-rewrite/shortstop/vendor/laravel/framework/src/Illuminate/Log/LogManager.php(102): Illuminate\\Log\\LogManager->resolve(NULL)
#1 /Users/dwndis/Projects/shortstop-laravel-rewrite/shortstop/vendor/laravel/framework/src/Illuminate/Log/LogManager.php(90): Illuminate\\Log\\LogManager->get(NULL)
#2 /Users/dwndis/Projects/shortstop-laravel-rewrite/shortstop/vendor/laravel/framework/src/Illuminate/Log/LogManager.php(500): Illuminate\\Log\\LogManager->driver()
#3 /Users/dwndis/Projects/shortstop-laravel-rewrite/shortstop/vendor/laravel/framework/src/Illuminate/Foundation/Exceptions/Handler.php(118): Illuminate\\Log\\LogManager->error('Class UsersTabl...', Array)
#4 /Users/dwndis/Projects/shortstop-laravel-rewrite/shortstop/app/Exceptions/Handler.php(39): Illuminate\\Foundation\\Exceptions\\Handler->report(Object(ReflectionException))
#5 /Users/dwndis/Projects/shortstop-laravel-rewrite/shortstop/vendor/nunomaduro/collision/src/Adapters/Laravel/ExceptionHandler.php(60): App\\Exceptions\\Handler->report(Object(ReflectionException))
#6 /Users/dwndis/Projects/shortstop-laravel-rewrite/shortstop/vendor/laravel/framework/src/Illuminate/Foundation/Console/Kernel.php(378): NunoMaduro\\Collision\\Adapters\\Laravel\\ExceptionHandler->report(Object(ReflectionException))
#7 /Users/dwndis/Projects/shortstop-laravel-rewrite/shortstop/vendor/laravel/framework/src/Illuminate/Foundation/Console/Kernel.php(135): Illuminate\\Foundation\\Console\\Kernel->reportException(Object(ReflectionException))
#8 /Users/dwndis/Projects/shortstop-laravel-rewrite/shortstop/artisan(37): Illuminate\\Foundation\\Console\\Kernel->handle(Object(Symfony\\Component\\Console\\Input\\ArgvInput), Object(Symfony\\Component\\Console\\Output\\ConsoleOutput))
#9 {main}
"} 
[2019-10-01 17:18:06] laravel.ERROR: Class UsersTable does not exist {"exception":"[object] (ReflectionException(code: -1): Class UsersTable does not exist at /Users/dwndis/Projects/shortstop-laravel-rewrite/shortstop/vendor/laravel/framework/src/Illuminate/Container/Container.php:788)
[stacktrace]
#0 /Users/dwndis/Projects/shortstop-laravel-rewrite/shortstop/vendor/laravel/framework/src/Illuminate/Container/Container.php(788): ReflectionClass->__construct('UsersTable')
#1 /Users/dwndis/Projects/shortstop-laravel-rewrite/shortstop/vendor/laravel/framework/src/Illuminate/Container/Container.php(667): Illuminate\\Container\\Container->build('UsersTable')
#2 /Users/dwndis/Projects/shortstop-laravel-rewrite/shortstop/vendor/laravel/framework/src/Illuminate/Container/Container.php(615): Illuminate\\Container\\Container->resolve('UsersTable', Array)
#3 /Users/dwndis/Projects/shortstop-laravel-rewrite/shortstop/vendor/laravel/framework/src/Illuminate/Foundation/Application.php(767): Illuminate\\Container\\Container->make('UsersTable', Array)
#4 /Users/dwndis/Projects/shortstop-laravel-rewrite/shortstop/vendor/laravel/framework/src/Illuminate/Database/Console/Seeds/SeedCommand.php(76): Illuminate\\Foundation\\Application->make('UsersTable')
#5 /Users/dwndis/Projects/shortstop-laravel-rewrite/shortstop/vendor/laravel/framework/src/Illuminate/Database/Console/Seeds/SeedCommand.php(63): Illuminate\\Database\\Console\\Seeds\\SeedCommand->getSeeder()
#6 /Users/dwndis/Projects/shortstop-laravel-rewrite/shortstop/vendor/laravel/framework/src/Illuminate/Database/Eloquent/Concerns/GuardsAttributes.php(122): Illuminate\\Database\\Console\\Seeds\\SeedCommand->Illuminate\\Database\\Console\\Seeds\\{closure}()
#7 /Users/dwndis/Projects/shortstop-laravel-rewrite/shortstop/vendor/laravel/framework/src/Illuminate/Database/Console/Seeds/SeedCommand.php(64): Illuminate\\Database\\Eloquent\\Model::unguarded(Object(Closure))
#8 [internal function]: Illuminate\\Database\\Console\\Seeds\\SeedCommand->handle()
#9 /Users/dwndis/Projects/shortstop-laravel-rewrite/shortstop/vendor/laravel/framework/src/Illuminate/Container/BoundMethod.php(32): call_user_func_array(Array, Array)
#10 /Users/dwndis/Projects/shortstop-laravel-rewrite/shortstop/vendor/laravel/framework/src/Illuminate/Container/BoundMethod.php(90): Illuminate\\Container\\BoundMethod::Illuminate\\Container\\{closure}()
#11 /Users/dwndis/Projects/shortstop-laravel-rewrite/shortstop/vendor/laravel/framework/src/Illuminate/Container/BoundMethod.php(34): Illuminate\\Container\\BoundMethod::callBoundMethod(Object(Illuminate\\Foundation\\Application), Array, Object(Closure))
#12 /Users/dwndis/Projects/shortstop-laravel-rewrite/shortstop/vendor/laravel/framework/src/Illuminate/Container/Container.php(576): Illuminate\\Container\\BoundMethod::call(Object(Illuminate\\Foundation\\Application), Array, Array, NULL)
#13 /Users/dwndis/Projects/shortstop-laravel-rewrite/shortstop/vendor/laravel/framework/src/Illuminate/Console/Command.php(183): Illuminate\\Container\\Container->call(Array)
#14 /Users/dwndis/Projects/shortstop-laravel-rewrite/shortstop/vendor/symfony/console/Command/Command.php(255): Illuminate\\Console\\Command->execute(Object(Symfony\\Component\\Console\\Input\\ArgvInput), Object(Illuminate\\Console\\OutputStyle))
#15 /Users/dwndis/Projects/shortstop-laravel-rewrite/shortstop/vendor/laravel/framework/src/Illuminate/Console/Command.php(170): Symfony\\Component\\Console\\Command\\Command->run(Object(Symfony\\Component\\Console\\Input\\ArgvInput), Object(Illuminate\\Console\\OutputStyle))
#16 /Users/dwndis/Projects/shortstop-laravel-rewrite/shortstop/vendor/symfony/console/Application.php(915): Illuminate\\Console\\Command->run(Object(Symfony\\Component\\Console\\Input\\ArgvInput), Object(Symfony\\Component\\Console\\Output\\ConsoleOutput))
#17 /Users/dwndis/Projects/shortstop-laravel-rewrite/shortstop/vendor/symfony/console/Application.php(272): Symfony\\Component\\Console\\Application->doRunCommand(Object(Illuminate\\Database\\Console\\Seeds\\SeedCommand), Object(Symfony\\Component\\Console\\Input\\ArgvInput), Object(Symfony\\Component\\Console\\Output\\ConsoleOutput))
#18 /Users/dwndis/Projects/shortstop-laravel-rewrite/shortstop/vendor/symfony/console/Application.php(148): Symfony\\Component\\Console\\Application->doRun(Object(Symfony\\Component\\Console\\Input\\ArgvInput), Object(Symfony\\Component\\Console\\Output\\ConsoleOutput))
#19 /Users/dwndis/Projects/shortstop-laravel-rewrite/shortstop/vendor/laravel/framework/src/Illuminate/Console/Application.php(90): Symfony\\Component\\Console\\Application->run(Object(Symfony\\Component\\Console\\Input\\ArgvInput), Object(Symfony\\Component\\Console\\Output\\ConsoleOutput))
#20 /Users/dwndis/Projects/shortstop-laravel-rewrite/shortstop/vendor/laravel/framework/src/Illuminate/Foundation/Console/Kernel.php(133): Illuminate\\Console\\Application->run(Object(Symfony\\Component\\Console\\Input\\ArgvInput), Object(Symfony\\Component\\Console\\Output\\ConsoleOutput))
#21 /Users/dwndis/Projects/shortstop-laravel-rewrite/shortstop/artisan(37): Illuminate\\Foundation\\Console\\Kernel->handle(Object(Symfony\\Component\\Console\\Input\\ArgvInput), Object(Symfony\\Component\\Console\\Output\\ConsoleOutput))
#22 {main}
"} 
[2019-10-01 17:18:22] laravel.EMERGENCY: Unable to create configured logger. Using emergency logger. {"exception":"[object] (InvalidArgumentException(code: 0): Log [] is not defined. at /Users/dwndis/Projects/shortstop-laravel-rewrite/shortstop/vendor/laravel/framework/src/Illuminate/Log/LogManager.php:168)
[stacktrace]
#0 /Users/dwndis/Projects/shortstop-laravel-rewrite/shortstop/vendor/laravel/framework/src/Illuminate/Log/LogManager.php(102): Illuminate\\Log\\LogManager->resolve(NULL)
#1 /Users/dwndis/Projects/shortstop-laravel-rewrite/shortstop/vendor/laravel/framework/src/Illuminate/Log/LogManager.php(90): Illuminate\\Log\\LogManager->get(NULL)
#2 /Users/dwndis/Projects/shortstop-laravel-rewrite/shortstop/vendor/laravel/framework/src/Illuminate/Log/LogManager.php(500): Illuminate\\Log\\LogManager->driver()
#3 /Users/dwndis/Projects/shortstop-laravel-rewrite/shortstop/vendor/laravel/framework/src/Illuminate/Foundation/Exceptions/Handler.php(118): Illuminate\\Log\\LogManager->error('SQLSTATE[23000]...', Array)
#4 /Users/dwndis/Projects/shortstop-laravel-rewrite/shortstop/app/Exceptions/Handler.php(39): Illuminate\\Foundation\\Exceptions\\Handler->report(Object(Illuminate\\Database\\QueryException))
#5 /Users/dwndis/Projects/shortstop-laravel-rewrite/shortstop/vendor/nunomaduro/collision/src/Adapters/Laravel/ExceptionHandler.php(60): App\\Exceptions\\Handler->report(Object(Illuminate\\Database\\QueryException))
#6 /Users/dwndis/Projects/shortstop-laravel-rewrite/shortstop/vendor/laravel/framework/src/Illuminate/Foundation/Console/Kernel.php(378): NunoMaduro\\Collision\\Adapters\\Laravel\\ExceptionHandler->report(Object(Illuminate\\Database\\QueryException))
#7 /Users/dwndis/Projects/shortstop-laravel-rewrite/shortstop/vendor/laravel/framework/src/Illuminate/Foundation/Console/Kernel.php(135): Illuminate\\Foundation\\Console\\Kernel->reportException(Object(Illuminate\\Database\\QueryException))
#8 /Users/dwndis/Projects/shortstop-laravel-rewrite/shortstop/artisan(37): Illuminate\\Foundation\\Console\\Kernel->handle(Object(Symfony\\Component\\Console\\Input\\ArgvInput), Object(Symfony\\Component\\Console\\Output\\ConsoleOutput))
#9 {main}
"} 
[2019-10-01 17:18:22] laravel.ERROR: SQLSTATE[23000]: Integrity constraint violation: 1452 Cannot add or update a child row: a foreign key constraint fails (`shortstop`.`users`, CONSTRAINT `users_role_id_foreign` FOREIGN KEY (`role_id`) REFERENCES `roles` (`id`) ON DELETE CASCADE) (SQL: insert into `users` (`name`, `email`, `password`, `role_id`, `created_at`) values (admin, admin@admin.com, $2y$10$5CR37dln8rgIXsiZrv/tOOUazcBPqTKwV4JovVwVpCtth6H45xpxu, 1, 2019-10-01 17:18:22)) {"exception":"[object] (Illuminate\\Database\\QueryException(code: 23000): SQLSTATE[23000]: Integrity constraint violation: 1452 Cannot add or update a child row: a foreign key constraint fails (`shortstop`.`users`, CONSTRAINT `users_role_id_foreign` FOREIGN KEY (`role_id`) REFERENCES `roles` (`id`) ON DELETE CASCADE) (SQL: insert into `users` (`name`, `email`, `password`, `role_id`, `created_at`) values (admin, admin@admin.com, $2y$10$5CR37dln8rgIXsiZrv/tOOUazcBPqTKwV4JovVwVpCtth6H45xpxu, 1, 2019-10-01 17:18:22)) at /Users/dwndis/Projects/shortstop-laravel-rewrite/shortstop/vendor/laravel/framework/src/Illuminate/Database/Connection.php:664, Doctrine\\DBAL\\Driver\\PDOException(code: 23000): SQLSTATE[23000]: Integrity constraint violation: 1452 Cannot add or update a child row: a foreign key constraint fails (`shortstop`.`users`, CONSTRAINT `users_role_id_foreign` FOREIGN KEY (`role_id`) REFERENCES `roles` (`id`) ON DELETE CASCADE) at /Users/dwndis/Projects/shortstop-laravel-rewrite/shortstop/vendor/doctrine/dbal/lib/Doctrine/DBAL/Driver/PDOStatement.php:119, PDOException(code: 23000): SQLSTATE[23000]: Integrity constraint violation: 1452 Cannot add or update a child row: a foreign key constraint fails (`shortstop`.`users`, CONSTRAINT `users_role_id_foreign` FOREIGN KEY (`role_id`) REFERENCES `roles` (`id`) ON DELETE CASCADE) at /Users/dwndis/Projects/shortstop-laravel-rewrite/shortstop/vendor/doctrine/dbal/lib/Doctrine/DBAL/Driver/PDOStatement.php:117)
[stacktrace]
#0 /Users/dwndis/Projects/shortstop-laravel-rewrite/shortstop/vendor/laravel/framework/src/Illuminate/Database/Connection.php(624): Illuminate\\Database\\Connection->runQueryCallback('insert into `us...', Array, Object(Closure))
#1 /Users/dwndis/Projects/shortstop-laravel-rewrite/shortstop/vendor/laravel/framework/src/Illuminate/Database/Connection.php(459): Illuminate\\Database\\Connection->run('insert into `us...', Array, Object(Closure))
#2 /Users/dwndis/Projects/shortstop-laravel-rewrite/shortstop/vendor/laravel/framework/src/Illuminate/Database/Connection.php(411): Illuminate\\Database\\Connection->statement('insert into `us...', Array)
#3 /Users/dwndis/Projects/shortstop-laravel-rewrite/shortstop/vendor/laravel/framework/src/Illuminate/Database/Query/Builder.php(2646): Illuminate\\Database\\Connection->insert('insert into `us...', Array)
#4 /Users/dwndis/Projects/shortstop-laravel-rewrite/shortstop/database/seeds/UsersTableSeeder.php(20): Illuminate\\Database\\Query\\Builder->insert(Array)
#5 [internal function]: UsersTableSeeder->run()
#6 /Users/dwndis/Projects/shortstop-laravel-rewrite/shortstop/vendor/laravel/framework/src/Illuminate/Container/BoundMethod.php(32): call_user_func_array(Array, Array)
#7 /Users/dwndis/Projects/shortstop-laravel-rewrite/shortstop/vendor/laravel/framework/src/Illuminate/Container/BoundMethod.php(90): Illuminate\\Container\\BoundMethod::Illuminate\\Container\\{closure}()
#8 /Users/dwndis/Projects/shortstop-laravel-rewrite/shortstop/vendor/laravel/framework/src/Illuminate/Container/BoundMethod.php(34): Illuminate\\Container\\BoundMethod::callBoundMethod(Object(Illuminate\\Foundation\\Application), Array, Object(Closure))
#9 /Users/dwndis/Projects/shortstop-laravel-rewrite/shortstop/vendor/laravel/framework/src/Illuminate/Container/Container.php(576): Illuminate\\Container\\BoundMethod::call(Object(Illuminate\\Foundation\\Application), Array, Array, NULL)
#10 /Users/dwndis/Projects/shortstop-laravel-rewrite/shortstop/vendor/laravel/framework/src/Illuminate/Database/Seeder.php(124): Illuminate\\Container\\Container->call(Array)
#11 /Users/dwndis/Projects/shortstop-laravel-rewrite/shortstop/vendor/laravel/framework/src/Illuminate/Database/Console/Seeds/SeedCommand.php(63): Illuminate\\Database\\Seeder->__invoke()
#12 /Users/dwndis/Projects/shortstop-laravel-rewrite/shortstop/vendor/laravel/framework/src/Illuminate/Database/Eloquent/Concerns/GuardsAttributes.php(122): Illuminate\\Database\\Console\\Seeds\\SeedCommand->Illuminate\\Database\\Console\\Seeds\\{closure}()
#13 /Users/dwndis/Projects/shortstop-laravel-rewrite/shortstop/vendor/laravel/framework/src/Illuminate/Database/Console/Seeds/SeedCommand.php(64): Illuminate\\Database\\Eloquent\\Model::unguarded(Object(Closure))
#14 [internal function]: Illuminate\\Database\\Console\\Seeds\\SeedCommand->handle()
#15 /Users/dwndis/Projects/shortstop-laravel-rewrite/shortstop/vendor/laravel/framework/src/Illuminate/Container/BoundMethod.php(32): call_user_func_array(Array, Array)
#16 /Users/dwndis/Projects/shortstop-laravel-rewrite/shortstop/vendor/laravel/framework/src/Illuminate/Container/BoundMethod.php(90): Illuminate\\Container\\BoundMethod::Illuminate\\Container\\{closure}()
#17 /Users/dwndis/Projects/shortstop-laravel-rewrite/shortstop/vendor/laravel/framework/src/Illuminate/Container/BoundMethod.php(34): Illuminate\\Container\\BoundMethod::callBoundMethod(Object(Illuminate\\Foundation\\Application), Array, Object(Closure))
#18 /Users/dwndis/Projects/shortstop-laravel-rewrite/shortstop/vendor/laravel/framework/src/Illuminate/Container/Container.php(576): Illuminate\\Container\\BoundMethod::call(Object(Illuminate\\Foundation\\Application), Array, Array, NULL)
#19 /Users/dwndis/Projects/shortstop-laravel-rewrite/shortstop/vendor/laravel/framework/src/Illuminate/Console/Command.php(183): Illuminate\\Container\\Container->call(Array)
#20 /Users/dwndis/Projects/shortstop-laravel-rewrite/shortstop/vendor/symfony/console/Command/Command.php(255): Illuminate\\Console\\Command->execute(Object(Symfony\\Component\\Console\\Input\\ArgvInput), Object(Illuminate\\Console\\OutputStyle))
#21 /Users/dwndis/Projects/shortstop-laravel-rewrite/shortstop/vendor/laravel/framework/src/Illuminate/Console/Command.php(170): Symfony\\Component\\Console\\Command\\Command->run(Object(Symfony\\Component\\Console\\Input\\ArgvInput), Object(Illuminate\\Console\\OutputStyle))
#22 /Users/dwndis/Projects/shortstop-laravel-rewrite/shortstop/vendor/symfony/console/Application.php(915): Illuminate\\Console\\Command->run(Object(Symfony\\Component\\Console\\Input\\ArgvInput), Object(Symfony\\Component\\Console\\Output\\ConsoleOutput))
#23 /Users/dwndis/Projects/shortstop-laravel-rewrite/shortstop/vendor/symfony/console/Application.php(272): Symfony\\Component\\Console\\Application->doRunCommand(Object(Illuminate\\Database\\Console\\Seeds\\SeedCommand), Object(Symfony\\Component\\Console\\Input\\ArgvInput), Object(Symfony\\Component\\Console\\Output\\ConsoleOutput))
#24 /Users/dwndis/Projects/shortstop-laravel-rewrite/shortstop/vendor/symfony/console/Application.php(148): Symfony\\Component\\Console\\Application->doRun(Object(Symfony\\Component\\Console\\Input\\ArgvInput), Object(Symfony\\Component\\Console\\Output\\ConsoleOutput))
#25 /Users/dwndis/Projects/shortstop-laravel-rewrite/shortstop/vendor/laravel/framework/src/Illuminate/Console/Application.php(90): Symfony\\Component\\Console\\Application->run(Object(Symfony\\Component\\Console\\Input\\ArgvInput), Object(Symfony\\Component\\Console\\Output\\ConsoleOutput))
#26 /Users/dwndis/Projects/shortstop-laravel-rewrite/shortstop/vendor/laravel/framework/src/Illuminate/Foundation/Console/Kernel.php(133): Illuminate\\Console\\Application->run(Object(Symfony\\Component\\Console\\Input\\ArgvInput), Object(Symfony\\Component\\Console\\Output\\ConsoleOutput))
#27 /Users/dwndis/Projects/shortstop-laravel-rewrite/shortstop/artisan(37): Illuminate\\Foundation\\Console\\Kernel->handle(Object(Symfony\\Component\\Console\\Input\\ArgvInput), Object(Symfony\\Component\\Console\\Output\\ConsoleOutput))
#28 {main}
"} 
